Case #1: 1 1
Case #2: 7 0
Case #3: 6 4
Case #4: 8 3
Case #5: 4 4
Case #6: 0 0
Case #7: 7 2
Case #8: 7 7
Case #9: 1 0
Case #10: 9 3
Case #11: 5 0
Case #12: 8 8
Case #13: 8 2
Case #14: 1 1
Case #15: 7 2
Case #16: 9 4
Case #17: 0 0
Case #18: 10 5
Case #19: 7 1
Case #20: 0 0
Case #21: 5 2
Case #22: 10 5
Case #23: 0 0
Case #24: 7 2
Case #25: 2 1
Case #26: 6 3
Case #27: 5 0
Case #28: 8 3
Case #29: 8 2
Case #30: 7 3
Case #31: 8 3
Case #32: 1 1
Case #33: 10 10
Case #34: 8 4
Case #35: 0 0
Case #36: 0 0
Case #37: 0 0
Case #38: 10 10
Case #39: 6 0
Case #40: 6 3
Case #41: 3 3
Case #42: 1 1
Case #43: 0 0
Case #44: 1 0
Case #45: 8 5
Case #46: 1 0
Case #47: 7 2
Case #48: 10 10
Case #49: 1 1
Case #50: 4 2
